<?xml version="1.0" encoding="UTF-8"?>
<!-- Generated by org.testng.reporters.JUnitXMLReporter -->
<testsuite hostname="Dharunkumar" failures="0" tests="4" name="Default test" time="0.027" errors="0" timestamp="5 Jun 2023 05:24:24 GMT">
  <testcase classname="com.example.demo.Task_01" name="addmethod" time="0.008"/>
  <testcase classname="com.example.demo.Task_01" name="addmethod" time="0.001"/>
  <testcase classname="com.example.demo.Task_01" name="mulmethod" time="0.0"/>
  <testcase classname="com.example.demo.Task_01" name="mulmethod" time="0.001"/>
</testsuite> <!-- Default test -->
