<?xml version="1.0" encoding="UTF-8"?>
<testng-results total="4" passed="4" failed="0" skipped="0">
  <reporter-output>
  </reporter-output>
  <suite started-at="2023-06-05T05:24:24Z" name="Default suite" finished-at="2023-06-05T05:24:24Z" duration-ms="27">
    <groups>
    </groups>
    <test started-at="2023-06-05T05:24:24Z" name="Default test" finished-at="2023-06-05T05:24:24Z" duration-ms="27">
      <class name="com.example.demo.Task_01">
        <test-method signature="addmethod(int, int, int)[pri:0, instance:com.example.demo.Task_01@1583741e]" started-at="2023-06-05T10:54:24Z" name="addmethod" data-provider="testData" finished-at="2023-06-05T10:54:24Z" duration-ms="8" status="PASS">
          <params>
            <param index="0">
              <value>
                <![CDATA[1]]>
              </value>
            </param>
            <param index="1">
              <value>
                <![CDATA[1]]>
              </value>
            </param>
            <param index="2">
              <value>
                <![CDATA[2]]>
              </value>
            </param>
          </params>
          <reporter-output>
          </reporter-output>
        </test-method> <!-- addmethod -->
        <test-method signature="addmethod(int, int, int)[pri:0, instance:com.example.demo.Task_01@1583741e]" started-at="2023-06-05T10:54:24Z" name="addmethod" data-provider="testData" finished-at="2023-06-05T10:54:24Z" duration-ms="1" status="PASS">
          <params>
            <param index="0">
              <value>
                <![CDATA[2]]>
              </value>
            </param>
            <param index="1">
              <value>
                <![CDATA[2]]>
              </value>
            </param>
            <param index="2">
              <value>
                <![CDATA[4]]>
              </value>
            </param>
          </params>
          <reporter-output>
          </reporter-output>
        </test-method> <!-- addmethod -->
        <test-method signature="mulmethod(int, int, int)[pri:0, instance:com.example.demo.Task_01@1583741e]" started-at="2023-06-05T10:54:24Z" name="mulmethod" data-provider="testData1" finished-at="2023-06-05T10:54:24Z" duration-ms="0" status="PASS">
          <params>
            <param index="0">
              <value>
                <![CDATA[1]]>
              </value>
            </param>
            <param index="1">
              <value>
                <![CDATA[1]]>
              </value>
            </param>
            <param index="2">
              <value>
                <![CDATA[1]]>
              </value>
            </param>
          </params>
          <reporter-output>
          </reporter-output>
        </test-method> <!-- mulmethod -->
        <test-method signature="mulmethod(int, int, int)[pri:0, instance:com.example.demo.Task_01@1583741e]" started-at="2023-06-05T10:54:24Z" name="mulmethod" data-provider="testData1" finished-at="2023-06-05T10:54:24Z" duration-ms="1" status="PASS">
          <params>
            <param index="0">
              <value>
                <![CDATA[2]]>
              </value>
            </param>
            <param index="1">
              <value>
                <![CDATA[2]]>
              </value>
            </param>
            <param index="2">
              <value>
                <![CDATA[4]]>
              </value>
            </param>
          </params>
          <reporter-output>
          </reporter-output>
        </test-method> <!-- mulmethod -->
      </class> <!-- com.example.demo.Task_01 -->
    </test> <!-- Default test -->
  </suite> <!-- Default suite -->
</testng-results>
